<?xml version="1.0" encoding="UTF-8"?>
<testng-results skipped="0" failed="0" total="1" passed="1">
  <reporter-output>
  </reporter-output>
  <suite name="Default suite" duration-ms="3711" started-at="2022-10-20T04:53:54Z" finished-at="2022-10-20T04:53:58Z">
    <groups>
    </groups>
    <test name="Default test" duration-ms="3711" started-at="2022-10-20T04:53:54Z" finished-at="2022-10-20T04:53:58Z">
      <class name="jalaacademyoutput.Postgeneratetoken">
        <test-method status="PASS" signature="test1()[pri:0, instance:jalaacademyoutput.Postgeneratetoken@14acaea5]" name="test1" duration-ms="3692" started-at="2022-10-20T10:23:54Z" finished-at="2022-10-20T10:23:58Z">
          <reporter-output>
          </reporter-output>
        </test-method> <!-- test1 -->
      </class> <!-- jalaacademyoutput.Postgeneratetoken -->
    </test> <!-- Default test -->
  </suite> <!-- Default suite -->
</testng-results>
